101.06.29 15:25 B C:\users\eray\linux\jobjects\data\index.que --> rosetta /work/online/cdtest/linux/jobjects/data index.que
101.06.29 15:25 B C:\users\eray\linux\jobjects\data\qa1_1.fit --> rosetta /work/online/cdtest/linux/jobjects/data qa1_1.fit
101.06.29 15:25 B C:\users\eray\linux\jobjects\data\qa1_2.fit --> rosetta /work/online/cdtest/linux/jobjects/data qa1_2.fit
101.06.29 15:25 B C:\users\eray\linux\jobjects\data\qa1_3.fit --> rosetta /work/online/cdtest/linux/jobjects/data qa1_3.fit
101.06.29 15:25 B C:\users\eray\linux\jobjects\data\qa1_4.fit --> rosetta /work/online/cdtest/linux/jobjects/data qa1_4.fit
101.06.29 15:25 B C:\users\eray\linux\jobjects\data\qa1_5.fit --> rosetta /work/online/cdtest/linux/jobjects/data qa1_5.fit
101.06.29 15:25 B C:\users\eray\linux\jobjects\data\qa1_6.fit --> rosetta /work/online/cdtest/linux/jobjects/data qa1_6.fit
101.06.29 15:25 B C:\users\eray\linux\jobjects\data\qa1_7.fit --> rosetta /work/online/cdtest/linux/jobjects/data qa1_7.fit
101.06.29 15:25 B C:\users\eray\linux\jobjects\data\qa1_8.fit --> rosetta /work/online/cdtest/linux/jobjects/data qa1_8.fit
101.06.29 15:25 B C:\users\eray\linux\jobjects\data\qa1_9.fit --> rosetta /work/online/cdtest/linux/jobjects/data qa1_9.fit
101.06.29 15:25 B C:\users\eray\linux\jobjects\data\qa1_a.fit --> rosetta /work/online/cdtest/linux/jobjects/data qa1_a.fit
101.06.29 15:25 B C:\users\eray\linux\jobjects\data\qa1_b.fit --> rosetta /work/online/cdtest/linux/jobjects/data qa1_b.fit
101.06.29 15:25 B C:\users\eray\linux\jobjects\data\qa1_c.fit --> rosetta /work/online/cdtest/linux/jobjects/data qa1_c.fit
101.06.29 15:25 B C:\users\eray\linux\jobjects\data\qa1_d.fit --> rosetta /work/online/cdtest/linux/jobjects/data qa1_d.fit
101.06.29 15:25 B C:\users\eray\linux\jobjects\data\qa1_e.fit --> rosetta /work/online/cdtest/linux/jobjects/data qa1_e.fit
101.06.29 15:25 B C:\users\eray\linux\jobjects\data\qa1_f.fit --> rosetta /work/online/cdtest/linux/jobjects/data qa1_f.fit
101.06.29 15:25 B C:\users\eray\linux\jobjects\data\qa1_g.fit --> rosetta /work/online/cdtest/linux/jobjects/data qa1_g.fit
101.06.29 15:25 B C:\users\eray\linux\jobjects\data\qa1_h.fit --> rosetta /work/online/cdtest/linux/jobjects/data qa1_h.fit
101.06.29 15:25 B C:\users\eray\linux\jobjects\data\qa1_i.fit --> rosetta /work/online/cdtest/linux/jobjects/data qa1_i.fit
101.06.29 15:25 B C:\users\eray\linux\jobjects\data\qa1_j.fit --> rosetta /work/online/cdtest/linux/jobjects/data qa1_j.fit
101.06.29 15:25 B C:\users\eray\linux\jobjects\data\qa_1.rds --> rosetta /work/online/cdtest/linux/jobjects/data qa_1.rds
101.07.25 13:14 B C:\users\eray\linux\jobjects\data\index.que --> rosetta /work/online/cdtest/linux/jobjects/data index.que
101.07.25 13:14 B C:\users\eray\linux\jobjects\data\qa1_1.fit --> rosetta /work/online/cdtest/linux/jobjects/data qa1_1.fit
101.07.25 13:14 B C:\users\eray\linux\jobjects\data\qa1_2.fit --> rosetta /work/online/cdtest/linux/jobjects/data qa1_2.fit
101.07.25 13:14 B C:\users\eray\linux\jobjects\data\qa1_3.fit --> rosetta /work/online/cdtest/linux/jobjects/data qa1_3.fit
101.07.25 13:14 B C:\users\eray\linux\jobjects\data\qa1_4.fit --> rosetta /work/online/cdtest/linux/jobjects/data qa1_4.fit
101.07.25 13:14 B C:\users\eray\linux\jobjects\data\qa1_5.fit --> rosetta /work/online/cdtest/linux/jobjects/data qa1_5.fit
101.07.25 13:14 B C:\users\eray\linux\jobjects\data\qa1_6.fit --> rosetta /work/online/cdtest/linux/jobjects/data qa1_6.fit
101.07.25 13:14 B C:\users\eray\linux\jobjects\data\qa1_7.fit --> rosetta /work/online/cdtest/linux/jobjects/data qa1_7.fit
101.07.25 13:14 B C:\users\eray\linux\jobjects\data\qa1_8.fit --> rosetta /work/online/cdtest/linux/jobjects/data qa1_8.fit
101.07.25 13:14 B C:\users\eray\linux\jobjects\data\qa1_9.fit --> rosetta /work/online/cdtest/linux/jobjects/data qa1_9.fit
101.07.25 13:14 B C:\users\eray\linux\jobjects\data\qa1_a.fit --> rosetta /work/online/cdtest/linux/jobjects/data qa1_a.fit
101.07.25 13:14 B C:\users\eray\linux\jobjects\data\qa1_b.fit --> rosetta /work/online/cdtest/linux/jobjects/data qa1_b.fit
101.07.25 13:14 B C:\users\eray\linux\jobjects\data\qa1_c.fit --> rosetta /work/online/cdtest/linux/jobjects/data qa1_c.fit
101.07.25 13:14 B C:\users\eray\linux\jobjects\data\qa1_d.fit --> rosetta /work/online/cdtest/linux/jobjects/data qa1_d.fit
101.07.25 13:14 B C:\users\eray\linux\jobjects\data\qa1_e.fit --> rosetta /work/online/cdtest/linux/jobjects/data qa1_e.fit
101.07.25 13:14 B C:\users\eray\linux\jobjects\data\qa1_f.fit --> rosetta /work/online/cdtest/linux/jobjects/data qa1_f.fit
101.07.25 13:14 B C:\users\eray\linux\jobjects\data\qa1_g.fit --> rosetta /work/online/cdtest/linux/jobjects/data qa1_g.fit
101.07.25 13:14 B C:\users\eray\linux\jobjects\data\qa1_h.fit --> rosetta /work/online/cdtest/linux/jobjects/data qa1_h.fit
101.07.25 13:14 B C:\users\eray\linux\jobjects\data\qa1_i.fit --> rosetta /work/online/cdtest/linux/jobjects/data qa1_i.fit
101.07.25 13:14 B C:\users\eray\linux\jobjects\data\qa1_j.fit --> rosetta /work/online/cdtest/linux/jobjects/data qa1_j.fit
101.07.25 13:14 B C:\users\eray\linux\jobjects\data\qa_1.rds --> rosetta /work/online/cdtest/linux/jobjects/data qa_1.rds
