101.06.29 15:25 B C:\users\eray\linux\jobjects\com\jobjects\quest\ae.class --> rosetta /work/online/cdtest/linux/jobjects/com/jobjects/quest ae.class
101.06.29 15:25 B C:\users\eray\linux\jobjects\com\jobjects\quest\d.class --> rosetta /work/online/cdtest/linux/jobjects/com/jobjects/quest d.class
101.06.29 15:25 B C:\users\eray\linux\jobjects\com\jobjects\quest\ed.class --> rosetta /work/online/cdtest/linux/jobjects/com/jobjects/quest ed.class
101.06.29 15:25 B C:\users\eray\linux\jobjects\com\jobjects\quest\fb.class --> rosetta /work/online/cdtest/linux/jobjects/com/jobjects/quest fb.class
101.06.29 15:25 B C:\users\eray\linux\jobjects\com\jobjects\quest\fe.class --> rosetta /work/online/cdtest/linux/jobjects/com/jobjects/quest fe.class
101.06.29 15:25 B C:\users\eray\linux\jobjects\com\jobjects\quest\FieldedSearchApplet.class --> rosetta /work/online/cdtest/linux/jobjects/com/jobjects/quest FieldedSearchApplet.class
101.06.29 15:25 B C:\users\eray\linux\jobjects\com\jobjects\quest\gb.class --> rosetta /work/online/cdtest/linux/jobjects/com/jobjects/quest gb.class
101.06.29 15:25 B C:\users\eray\linux\jobjects\com\jobjects\quest\gf.class --> rosetta /work/online/cdtest/linux/jobjects/com/jobjects/quest gf.class
101.06.29 15:25 B C:\users\eray\linux\jobjects\com\jobjects\quest\gg.class --> rosetta /work/online/cdtest/linux/jobjects/com/jobjects/quest gg.class
101.06.29 15:25 B C:\users\eray\linux\jobjects\com\jobjects\quest\hd.class --> rosetta /work/online/cdtest/linux/jobjects/com/jobjects/quest hd.class
101.06.29 15:25 B C:\users\eray\linux\jobjects\com\jobjects\quest\hf.class --> rosetta /work/online/cdtest/linux/jobjects/com/jobjects/quest hf.class
101.06.29 15:25 B C:\users\eray\linux\jobjects\com\jobjects\quest\hg.class --> rosetta /work/online/cdtest/linux/jobjects/com/jobjects/quest hg.class
101.06.29 15:25 B C:\users\eray\linux\jobjects\com\jobjects\quest\HLSearchApplet.class --> rosetta /work/online/cdtest/linux/jobjects/com/jobjects/quest HLSearchApplet.class
101.06.29 15:25 B C:\users\eray\linux\jobjects\com\jobjects\quest\ib.class --> rosetta /work/online/cdtest/linux/jobjects/com/jobjects/quest ib.class
101.06.29 15:25 B C:\users\eray\linux\jobjects\com\jobjects\quest\id.class --> rosetta /work/online/cdtest/linux/jobjects/com/jobjects/quest id.class
101.06.29 15:25 B C:\users\eray\linux\jobjects\com\jobjects\quest\if.class --> rosetta /work/online/cdtest/linux/jobjects/com/jobjects/quest if.class
101.06.29 15:25 B C:\users\eray\linux\jobjects\com\jobjects\quest\ig.class --> rosetta /work/online/cdtest/linux/jobjects/com/jobjects/quest ig.class
101.06.29 15:25 B C:\users\eray\linux\jobjects\com\jobjects\quest\iqb.class --> rosetta /work/online/cdtest/linux/jobjects/com/jobjects/quest iqb.class
101.06.29 15:25 B C:\users\eray\linux\jobjects\com\jobjects\quest\jf.class --> rosetta /work/online/cdtest/linux/jobjects/com/jobjects/quest jf.class
101.06.29 15:25 B C:\users\eray\linux\jobjects\com\jobjects\quest\jg.class --> rosetta /work/online/cdtest/linux/jobjects/com/jobjects/quest jg.class
101.06.29 15:25 B C:\users\eray\linux\jobjects\com\jobjects\quest\jqb.class --> rosetta /work/online/cdtest/linux/jobjects/com/jobjects/quest jqb.class
101.06.29 15:25 B C:\users\eray\linux\jobjects\com\jobjects\quest\kb.class --> rosetta /work/online/cdtest/linux/jobjects/com/jobjects/quest kb.class
101.06.29 15:25 B C:\users\eray\linux\jobjects\com\jobjects\quest\kf.class --> rosetta /work/online/cdtest/linux/jobjects/com/jobjects/quest kf.class
101.06.29 15:25 B C:\users\eray\linux\jobjects\com\jobjects\quest\l.class --> rosetta /work/online/cdtest/linux/jobjects/com/jobjects/quest l.class
101.06.29 15:25 B C:\users\eray\linux\jobjects\com\jobjects\quest\lb.class --> rosetta /work/online/cdtest/linux/jobjects/com/jobjects/quest lb.class
101.06.29 15:25 B C:\users\eray\linux\jobjects\com\jobjects\quest\le.class --> rosetta /work/online/cdtest/linux/jobjects/com/jobjects/quest le.class
101.06.29 15:25 B C:\users\eray\linux\jobjects\com\jobjects\quest\m.class --> rosetta /work/online/cdtest/linux/jobjects/com/jobjects/quest m.class
101.06.29 15:25 B C:\users\eray\linux\jobjects\com\jobjects\quest\mb.class --> rosetta /work/online/cdtest/linux/jobjects/com/jobjects/quest mb.class
101.06.29 15:25 B C:\users\eray\linux\jobjects\com\jobjects\quest\mc.class --> rosetta /work/online/cdtest/linux/jobjects/com/jobjects/quest mc.class
101.06.29 15:25 B C:\users\eray\linux\jobjects\com\jobjects\quest\md.class --> rosetta /work/online/cdtest/linux/jobjects/com/jobjects/quest md.class
101.06.29 15:25 B C:\users\eray\linux\jobjects\com\jobjects\quest\mg.class --> rosetta /work/online/cdtest/linux/jobjects/com/jobjects/quest mg.class
101.06.29 15:25 B C:\users\eray\linux\jobjects\com\jobjects\quest\nc.class --> rosetta /work/online/cdtest/linux/jobjects/com/jobjects/quest nc.class
101.06.29 15:25 B C:\users\eray\linux\jobjects\com\jobjects\quest\ng.class --> rosetta /work/online/cdtest/linux/jobjects/com/jobjects/quest ng.class
101.06.29 15:25 B C:\users\eray\linux\jobjects\com\jobjects\quest\pb.class --> rosetta /work/online/cdtest/linux/jobjects/com/jobjects/quest pb.class
101.06.29 15:25 B C:\users\eray\linux\jobjects\com\jobjects\quest\pf.class --> rosetta /work/online/cdtest/linux/jobjects/com/jobjects/quest pf.class
101.06.29 15:25 B C:\users\eray\linux\jobjects\com\jobjects\quest\qb.class --> rosetta /work/online/cdtest/linux/jobjects/com/jobjects/quest qb.class
101.06.29 15:25 B C:\users\eray\linux\jobjects\com\jobjects\quest\qe.class --> rosetta /work/online/cdtest/linux/jobjects/com/jobjects/quest qe.class
101.06.29 15:25 B C:\users\eray\linux\jobjects\com\jobjects\quest\qf.class --> rosetta /work/online/cdtest/linux/jobjects/com/jobjects/quest qf.class
101.06.29 15:25 B C:\users\eray\linux\jobjects\com\jobjects\quest\rb.class --> rosetta /work/online/cdtest/linux/jobjects/com/jobjects/quest rb.class
101.06.29 15:25 B C:\users\eray\linux\jobjects\com\jobjects\quest\rc.class --> rosetta /work/online/cdtest/linux/jobjects/com/jobjects/quest rc.class
101.06.29 15:25 B C:\users\eray\linux\jobjects\com\jobjects\quest\re.class --> rosetta /work/online/cdtest/linux/jobjects/com/jobjects/quest re.class
101.06.29 15:25 B C:\users\eray\linux\jobjects\com\jobjects\quest\rf.class --> rosetta /work/online/cdtest/linux/jobjects/com/jobjects/quest rf.class
101.06.29 15:25 B C:\users\eray\linux\jobjects\com\jobjects\quest\sb.class --> rosetta /work/online/cdtest/linux/jobjects/com/jobjects/quest sb.class
101.06.29 15:25 B C:\users\eray\linux\jobjects\com\jobjects\quest\sc.class --> rosetta /work/online/cdtest/linux/jobjects/com/jobjects/quest sc.class
101.06.29 15:25 B C:\users\eray\linux\jobjects\com\jobjects\quest\SearchApplet.class --> rosetta /work/online/cdtest/linux/jobjects/com/jobjects/quest SearchApplet.class
101.06.29 15:25 B C:\users\eray\linux\jobjects\com\jobjects\quest\sf.class --> rosetta /work/online/cdtest/linux/jobjects/com/jobjects/quest sf.class
101.06.29 15:25 B C:\users\eray\linux\jobjects\com\jobjects\quest\t.class --> rosetta /work/online/cdtest/linux/jobjects/com/jobjects/quest t.class
101.06.29 15:25 B C:\users\eray\linux\jobjects\com\jobjects\quest\tb.class --> rosetta /work/online/cdtest/linux/jobjects/com/jobjects/quest tb.class
101.06.29 15:25 B C:\users\eray\linux\jobjects\com\jobjects\quest\tf.class --> rosetta /work/online/cdtest/linux/jobjects/com/jobjects/quest tf.class
101.06.29 15:25 B C:\users\eray\linux\jobjects\com\jobjects\quest\vb.class --> rosetta /work/online/cdtest/linux/jobjects/com/jobjects/quest vb.class
101.06.29 15:25 B C:\users\eray\linux\jobjects\com\jobjects\quest\vc.class --> rosetta /work/online/cdtest/linux/jobjects/com/jobjects/quest vc.class
101.06.29 15:25 B C:\users\eray\linux\jobjects\com\jobjects\quest\ve.class --> rosetta /work/online/cdtest/linux/jobjects/com/jobjects/quest ve.class
101.06.29 15:25 B C:\users\eray\linux\jobjects\com\jobjects\quest\vf.class --> rosetta /work/online/cdtest/linux/jobjects/com/jobjects/quest vf.class
101.06.29 15:25 B C:\users\eray\linux\jobjects\com\jobjects\quest\w.class --> rosetta /work/online/cdtest/linux/jobjects/com/jobjects/quest w.class
101.06.29 15:25 B C:\users\eray\linux\jobjects\com\jobjects\quest\wb.class --> rosetta /work/online/cdtest/linux/jobjects/com/jobjects/quest wb.class
101.06.29 15:25 B C:\users\eray\linux\jobjects\com\jobjects\quest\wd.class --> rosetta /work/online/cdtest/linux/jobjects/com/jobjects/quest wd.class
101.06.29 15:25 B C:\users\eray\linux\jobjects\com\jobjects\quest\xc.class --> rosetta /work/online/cdtest/linux/jobjects/com/jobjects/quest xc.class
101.06.29 15:25 B C:\users\eray\linux\jobjects\com\jobjects\quest\xf.class --> rosetta /work/online/cdtest/linux/jobjects/com/jobjects/quest xf.class
101.06.29 15:25 B C:\users\eray\linux\jobjects\com\jobjects\quest\ye.class --> rosetta /work/online/cdtest/linux/jobjects/com/jobjects/quest ye.class
101.06.29 15:25 B C:\users\eray\linux\jobjects\com\jobjects\quest\zf.class --> rosetta /work/online/cdtest/linux/jobjects/com/jobjects/quest zf.class
101.07.25 13:14 B C:\users\eray\linux\jobjects\com\jobjects\quest\ae.class --> rosetta /work/online/cdtest/linux/jobjects/com/jobjects/quest ae.class
101.07.25 13:14 B C:\users\eray\linux\jobjects\com\jobjects\quest\d.class --> rosetta /work/online/cdtest/linux/jobjects/com/jobjects/quest d.class
101.07.25 13:14 B C:\users\eray\linux\jobjects\com\jobjects\quest\ed.class --> rosetta /work/online/cdtest/linux/jobjects/com/jobjects/quest ed.class
101.07.25 13:14 B C:\users\eray\linux\jobjects\com\jobjects\quest\fb.class --> rosetta /work/online/cdtest/linux/jobjects/com/jobjects/quest fb.class
101.07.25 13:14 B C:\users\eray\linux\jobjects\com\jobjects\quest\fe.class --> rosetta /work/online/cdtest/linux/jobjects/com/jobjects/quest fe.class
101.07.25 13:14 B C:\users\eray\linux\jobjects\com\jobjects\quest\FieldedSearchApplet.class --> rosetta /work/online/cdtest/linux/jobjects/com/jobjects/quest FieldedSearchApplet.class
101.07.25 13:14 B C:\users\eray\linux\jobjects\com\jobjects\quest\gb.class --> rosetta /work/online/cdtest/linux/jobjects/com/jobjects/quest gb.class
101.07.25 13:14 B C:\users\eray\linux\jobjects\com\jobjects\quest\gf.class --> rosetta /work/online/cdtest/linux/jobjects/com/jobjects/quest gf.class
101.07.25 13:14 B C:\users\eray\linux\jobjects\com\jobjects\quest\gg.class --> rosetta /work/online/cdtest/linux/jobjects/com/jobjects/quest gg.class
101.07.25 13:14 B C:\users\eray\linux\jobjects\com\jobjects\quest\hd.class --> rosetta /work/online/cdtest/linux/jobjects/com/jobjects/quest hd.class
101.07.25 13:14 B C:\users\eray\linux\jobjects\com\jobjects\quest\hf.class --> rosetta /work/online/cdtest/linux/jobjects/com/jobjects/quest hf.class
101.07.25 13:14 B C:\users\eray\linux\jobjects\com\jobjects\quest\hg.class --> rosetta /work/online/cdtest/linux/jobjects/com/jobjects/quest hg.class
101.07.25 13:14 B C:\users\eray\linux\jobjects\com\jobjects\quest\HLSearchApplet.class --> rosetta /work/online/cdtest/linux/jobjects/com/jobjects/quest HLSearchApplet.class
101.07.25 13:14 B C:\users\eray\linux\jobjects\com\jobjects\quest\ib.class --> rosetta /work/online/cdtest/linux/jobjects/com/jobjects/quest ib.class
101.07.25 13:14 B C:\users\eray\linux\jobjects\com\jobjects\quest\id.class --> rosetta /work/online/cdtest/linux/jobjects/com/jobjects/quest id.class
101.07.25 13:14 B C:\users\eray\linux\jobjects\com\jobjects\quest\if.class --> rosetta /work/online/cdtest/linux/jobjects/com/jobjects/quest if.class
101.07.25 13:14 B C:\users\eray\linux\jobjects\com\jobjects\quest\ig.class --> rosetta /work/online/cdtest/linux/jobjects/com/jobjects/quest ig.class
101.07.25 13:14 B C:\users\eray\linux\jobjects\com\jobjects\quest\iqb.class --> rosetta /work/online/cdtest/linux/jobjects/com/jobjects/quest iqb.class
101.07.25 13:14 B C:\users\eray\linux\jobjects\com\jobjects\quest\jf.class --> rosetta /work/online/cdtest/linux/jobjects/com/jobjects/quest jf.class
101.07.25 13:14 B C:\users\eray\linux\jobjects\com\jobjects\quest\jg.class --> rosetta /work/online/cdtest/linux/jobjects/com/jobjects/quest jg.class
101.07.25 13:14 B C:\users\eray\linux\jobjects\com\jobjects\quest\jqb.class --> rosetta /work/online/cdtest/linux/jobjects/com/jobjects/quest jqb.class
101.07.25 13:14 B C:\users\eray\linux\jobjects\com\jobjects\quest\kb.class --> rosetta /work/online/cdtest/linux/jobjects/com/jobjects/quest kb.class
101.07.25 13:14 B C:\users\eray\linux\jobjects\com\jobjects\quest\kf.class --> rosetta /work/online/cdtest/linux/jobjects/com/jobjects/quest kf.class
101.07.25 13:14 B C:\users\eray\linux\jobjects\com\jobjects\quest\l.class --> rosetta /work/online/cdtest/linux/jobjects/com/jobjects/quest l.class
101.07.25 13:14 B C:\users\eray\linux\jobjects\com\jobjects\quest\lb.class --> rosetta /work/online/cdtest/linux/jobjects/com/jobjects/quest lb.class
101.07.25 13:14 B C:\users\eray\linux\jobjects\com\jobjects\quest\le.class --> rosetta /work/online/cdtest/linux/jobjects/com/jobjects/quest le.class
101.07.25 13:14 B C:\users\eray\linux\jobjects\com\jobjects\quest\m.class --> rosetta /work/online/cdtest/linux/jobjects/com/jobjects/quest m.class
101.07.25 13:14 B C:\users\eray\linux\jobjects\com\jobjects\quest\mb.class --> rosetta /work/online/cdtest/linux/jobjects/com/jobjects/quest mb.class
101.07.25 13:14 B C:\users\eray\linux\jobjects\com\jobjects\quest\mc.class --> rosetta /work/online/cdtest/linux/jobjects/com/jobjects/quest mc.class
101.07.25 13:14 B C:\users\eray\linux\jobjects\com\jobjects\quest\md.class --> rosetta /work/online/cdtest/linux/jobjects/com/jobjects/quest md.class
101.07.25 13:14 B C:\users\eray\linux\jobjects\com\jobjects\quest\mg.class --> rosetta /work/online/cdtest/linux/jobjects/com/jobjects/quest mg.class
101.07.25 13:14 B C:\users\eray\linux\jobjects\com\jobjects\quest\nc.class --> rosetta /work/online/cdtest/linux/jobjects/com/jobjects/quest nc.class
101.07.25 13:14 B C:\users\eray\linux\jobjects\com\jobjects\quest\ng.class --> rosetta /work/online/cdtest/linux/jobjects/com/jobjects/quest ng.class
101.07.25 13:14 B C:\users\eray\linux\jobjects\com\jobjects\quest\pb.class --> rosetta /work/online/cdtest/linux/jobjects/com/jobjects/quest pb.class
101.07.25 13:14 B C:\users\eray\linux\jobjects\com\jobjects\quest\pf.class --> rosetta /work/online/cdtest/linux/jobjects/com/jobjects/quest pf.class
101.07.25 13:14 B C:\users\eray\linux\jobjects\com\jobjects\quest\qb.class --> rosetta /work/online/cdtest/linux/jobjects/com/jobjects/quest qb.class
101.07.25 13:14 B C:\users\eray\linux\jobjects\com\jobjects\quest\qe.class --> rosetta /work/online/cdtest/linux/jobjects/com/jobjects/quest qe.class
101.07.25 13:14 B C:\users\eray\linux\jobjects\com\jobjects\quest\qf.class --> rosetta /work/online/cdtest/linux/jobjects/com/jobjects/quest qf.class
101.07.25 13:14 B C:\users\eray\linux\jobjects\com\jobjects\quest\rb.class --> rosetta /work/online/cdtest/linux/jobjects/com/jobjects/quest rb.class
101.07.25 13:14 B C:\users\eray\linux\jobjects\com\jobjects\quest\rc.class --> rosetta /work/online/cdtest/linux/jobjects/com/jobjects/quest rc.class
101.07.25 13:14 B C:\users\eray\linux\jobjects\com\jobjects\quest\re.class --> rosetta /work/online/cdtest/linux/jobjects/com/jobjects/quest re.class
101.07.25 13:14 B C:\users\eray\linux\jobjects\com\jobjects\quest\rf.class --> rosetta /work/online/cdtest/linux/jobjects/com/jobjects/quest rf.class
101.07.25 13:14 B C:\users\eray\linux\jobjects\com\jobjects\quest\sb.class --> rosetta /work/online/cdtest/linux/jobjects/com/jobjects/quest sb.class
101.07.25 13:14 B C:\users\eray\linux\jobjects\com\jobjects\quest\sc.class --> rosetta /work/online/cdtest/linux/jobjects/com/jobjects/quest sc.class
101.07.25 13:14 B C:\users\eray\linux\jobjects\com\jobjects\quest\SearchApplet.class --> rosetta /work/online/cdtest/linux/jobjects/com/jobjects/quest SearchApplet.class
101.07.25 13:14 B C:\users\eray\linux\jobjects\com\jobjects\quest\sf.class --> rosetta /work/online/cdtest/linux/jobjects/com/jobjects/quest sf.class
101.07.25 13:14 B C:\users\eray\linux\jobjects\com\jobjects\quest\t.class --> rosetta /work/online/cdtest/linux/jobjects/com/jobjects/quest t.class
101.07.25 13:14 B C:\users\eray\linux\jobjects\com\jobjects\quest\tb.class --> rosetta /work/online/cdtest/linux/jobjects/com/jobjects/quest tb.class
101.07.25 13:14 B C:\users\eray\linux\jobjects\com\jobjects\quest\tf.class --> rosetta /work/online/cdtest/linux/jobjects/com/jobjects/quest tf.class
101.07.25 13:14 B C:\users\eray\linux\jobjects\com\jobjects\quest\vb.class --> rosetta /work/online/cdtest/linux/jobjects/com/jobjects/quest vb.class
101.07.25 13:14 B C:\users\eray\linux\jobjects\com\jobjects\quest\vc.class --> rosetta /work/online/cdtest/linux/jobjects/com/jobjects/quest vc.class
101.07.25 13:14 B C:\users\eray\linux\jobjects\com\jobjects\quest\ve.class --> rosetta /work/online/cdtest/linux/jobjects/com/jobjects/quest ve.class
101.07.25 13:14 B C:\users\eray\linux\jobjects\com\jobjects\quest\vf.class --> rosetta /work/online/cdtest/linux/jobjects/com/jobjects/quest vf.class
101.07.25 13:14 B C:\users\eray\linux\jobjects\com\jobjects\quest\w.class --> rosetta /work/online/cdtest/linux/jobjects/com/jobjects/quest w.class
101.07.25 13:14 B C:\users\eray\linux\jobjects\com\jobjects\quest\wb.class --> rosetta /work/online/cdtest/linux/jobjects/com/jobjects/quest wb.class
101.07.25 13:14 B C:\users\eray\linux\jobjects\com\jobjects\quest\wd.class --> rosetta /work/online/cdtest/linux/jobjects/com/jobjects/quest wd.class
